[ 2017-02-16T11:55:34+08:00 ] ::1 /work/inte_shop/
INFO: [ app_init ] --START--
INFO: Run Behavior\BuildLiteBehavior [ RunTime:0.000016s ]
INFO: [ app_init ] --END-- [ RunTime:0.037369s ]
INFO: [ app_begin ] --START--
INFO: Run Behavior\ReadHtmlCacheBehavior [ RunTime:0.257683s ]
INFO: [ app_begin ] --END-- [ RunTime:0.257780s ]
INFO: [ view_parse ] --START--
INFO: Run Behavior\ParseTemplateBehavior [ RunTime:0.000913s ]
INFO: [ view_parse ] --END-- [ RunTime:0.000968s ]
INFO: [ view_filter ] --START--
INFO: Run Behavior\WriteHtmlCacheBehavior [ RunTime:0.351681s ]
INFO: [ view_filter ] --END-- [ RunTime:0.351749s ]
INFO: [ app_end ] --START--
INFO: Run Behavior\ShowPageTraceBehavior [ RunTime:0.102048s ]
INFO: [ app_end ] --END-- [ RunTime:0.102187s ]

[ 2017-02-16T16:57:51+08:00 ] 127.0.0.1 /work/inte_shop/
INFO: [ app_init ] --START--
INFO: Run Behavior\BuildLiteBehavior [ RunTime:0.000037s ]
INFO: [ app_init ] --END-- [ RunTime:0.012484s ]
INFO: [ app_begin ] --START--
INFO: Run Behavior\ReadHtmlCacheBehavior [ RunTime:0.008404s ]
INFO: [ app_begin ] --END-- [ RunTime:0.008594s ]
INFO: [ view_parse ] --START--
INFO: Run Behavior\ParseTemplateBehavior [ RunTime:0.003179s ]
INFO: [ view_parse ] --END-- [ RunTime:0.003353s ]
INFO: [ view_filter ] --START--
INFO: Run Behavior\WriteHtmlCacheBehavior [ RunTime:0.012640s ]
INFO: [ view_filter ] --END-- [ RunTime:0.012924s ]
INFO: [ app_end ] --START--
INFO: Run Behavior\ShowPageTraceBehavior [ RunTime:0.009356s ]
INFO: [ app_end ] --END-- [ RunTime:0.009443s ]

